\BOOKMARK [1][-]{section*.1}{\376\377\000\101\000\142\000\163\000\164\000\162\000\141\000\143\000\164}{}% 1
\BOOKMARK [1][-]{section.1}{\376\377\000\061\000\040\000\111\000\116\000\124\000\122\000\117\000\104\000\125\000\103\000\124\000\111\000\117\000\116}{}% 2
\BOOKMARK [1][-]{section.2}{\376\377\000\062\000\040\000\102\000\101\000\103\000\113\000\107\000\122\000\117\000\125\000\116\000\104}{}% 3
\BOOKMARK [2][-]{subsection.2.1}{\376\377\000\062\000\056\000\061\000\040\000\115\000\145\000\155\000\157\000\162\000\171\000\040\000\104\000\151\000\163\000\143\000\154\000\157\000\163\000\165\000\162\000\145\000\040\000\101\000\164\000\164\000\141\000\143\000\153\000\163}{section.2}% 4
\BOOKMARK [2][-]{subsection.2.2}{\376\377\000\062\000\056\000\062\000\040\000\124\000\123\000\130}{section.2}% 5
\BOOKMARK [2][-]{subsection.2.3}{\376\377\000\062\000\056\000\063\000\040\000\114\000\114\000\126\000\115}{section.2}% 6
\BOOKMARK [1][-]{section.3}{\376\377\000\063\000\040\000\104\000\105\000\123\000\111\000\107\000\116}{}% 7
\BOOKMARK [2][-]{subsection.3.1}{\376\377\000\063\000\056\000\061\000\040\000\040\000\124\000\110\000\122\000\105\000\101\000\124\000\040\000\115\000\117\000\104\000\105\000\114\000\040\000\101\000\116\000\104\000\040\000\123\000\105\000\103\000\125\000\122\000\111\000\124\000\131\000\040\000\107\000\117\000\101\000\114\000\123}{section.3}% 8
\BOOKMARK [2][-]{subsection.3.2}{\376\377\000\063\000\056\000\062\000\040\000\040\000\123\000\164\000\162\000\165\000\143\000\164\000\165\000\162\000\145\000\040\000\157\000\146\000\040\000\120\000\145\000\141\000\160\000\157\000\144\000\163\000\040}{section.3}% 9
\BOOKMARK [1][-]{section.4}{\376\377\000\064\000\040\000\111\000\115\000\120\000\114\000\105\000\115\000\105\000\116\000\124\000\101\000\124\000\111\000\117\000\116}{}% 10
\BOOKMARK [2][-]{subsection.4.1}{\376\377\000\064\000\056\000\061\000\040\000\125\000\164\000\151\000\154\000\151\000\164\000\171\000\040\000\146\000\165\000\156\000\143\000\164\000\151\000\157\000\156\000\163}{section.4}% 11
\BOOKMARK [2][-]{subsection.4.2}{\376\377\000\064\000\056\000\062\000\040\000\115\000\141\000\163\000\164\000\145\000\162\000\040\000\153\000\145\000\171\000\040\000\160\000\162\000\157\000\164\000\145\000\143\000\164\000\151\000\157\000\156}{section.4}% 12
\BOOKMARK [2][-]{subsection.4.3}{\376\377\000\064\000\056\000\063\000\040\000\163\000\145\000\156\000\163\000\151\000\164\000\151\000\166\000\145\000\040\000\166\000\141\000\162\000\151\000\141\000\142\000\154\000\145\000\163\000\040\000\111\000\144\000\145\000\156\000\164\000\151\000\146\000\151\000\143\000\141\000\164\000\151\000\157\000\156}{section.4}% 13
\BOOKMARK [2][-]{subsection.4.4}{\376\377\000\064\000\056\000\064\000\040\000\123\000\145\000\156\000\163\000\151\000\164\000\151\000\166\000\145\000\040\000\151\000\156\000\146\000\157\000\162\000\155\000\141\000\164\000\151\000\157\000\156\000\040\000\160\000\162\000\157\000\164\000\145\000\143\000\164\000\151\000\157\000\156}{section.4}% 14
\BOOKMARK [2][-]{subsection.4.5}{\376\377\000\064\000\056\000\065\000\040\000\120\000\141\000\147\000\145\000\040\000\146\000\141\000\165\000\154\000\164\000\040\000\150\000\141\000\156\000\144\000\154\000\151\000\156\000\147}{section.4}% 15
\BOOKMARK [2][-]{subsection.4.6}{\376\377\000\064\000\056\000\066\000\040\000\165\000\163\000\141\000\147\000\145\000\040\000\155\000\145\000\164\000\150\000\157\000\144}{section.4}% 16
\BOOKMARK [1][-]{section.5}{\376\377\000\065\000\040\000\123\000\105\000\103\000\125\000\122\000\111\000\124\000\131\000\040\000\104\000\111\000\123\000\103\000\125\000\123\000\123\000\111\000\117\000\116}{}% 17
\BOOKMARK [1][-]{section.6}{\376\377\000\066\000\040\000\105\000\126\000\101\000\114\000\125\000\101\000\124\000\111\000\117\000\116}{}% 18
\BOOKMARK [2][-]{subsection.6.1}{\376\377\000\066\000\056\000\061\000\040\000\114\000\157\000\143\000\141\000\154\000\040\000\120\000\145\000\162\000\146\000\157\000\162\000\155\000\141\000\156\000\143\000\145}{section.6}% 19
\BOOKMARK [2][-]{subsection.6.2}{\376\377\000\066\000\056\000\062\000\040\000\111\000\155\000\160\000\141\000\143\000\164\000\040\000\157\000\156\000\040\000\103\000\157\000\156\000\143\000\165\000\162\000\162\000\145\000\156\000\164\000\040\000\120\000\162\000\157\000\143\000\145\000\163\000\163\000\145\000\163}{section.6}% 20
\BOOKMARK [2][-]{subsection.6.3}{\376\377\000\066\000\056\000\063\000\040\000\123\000\107\000\130}{section.6}% 21
\BOOKMARK [1][-]{section.7}{\376\377\000\067\000\040\000\122\000\105\000\114\000\101\000\124\000\105\000\104\000\040\000\127\000\117\000\122\000\113}{}% 22
\BOOKMARK [1][-]{section.8}{\376\377\000\070\000\040\000\103\000\117\000\116\000\103\000\114\000\125\000\123\000\111\000\117\000\116}{}% 23
\BOOKMARK [1][-]{section*.4}{\376\377\000\101\000\143\000\153\000\156\000\157\000\167\000\154\000\145\000\144\000\147\000\155\000\145\000\156\000\164\000\163}{}% 24
\BOOKMARK [1][-]{section*.6}{\376\377\000\122\000\145\000\146\000\145\000\162\000\145\000\156\000\143\000\145\000\163}{}% 25
